Maze layout:

 % % % % % % % % % % % % % % % % % % % % | 
 % G                         G %       % | 
 %   % % W % %   % %   % % W % %   %   % | 
 %                 S               %   % | 
 % % % % % % % % % % % % % % % % % %   % | 
 %             G                       % | 
 % % % % % % % % % % % % % % % % % % % % | 
 - - - - - - - - - - - - - - - - - - - - -

Path to goal: 0

 % % % % % % % % % % % % % % % % % % % %
 % G X X   X X               G %       %
 %   % % X % % X % %   % %   % %   %   %
 %               X S               %   %
 % % % % % % % % % % % % % % % % % %   %
 %             G                       %
 % % % % % % % % % % % % % % % % % % % %

Path to goal: 1

 % % % % % % % % % % % % % % % % % % % %
 % G X X   X X X X X X X X   G %       %
 %   % % X % %   % %   % % X % %   %   %
 %                                 %   %
 % % % % % % % % % % % % % % % % % %   %
 %             G                       %
 % % % % % % % % % % % % % % % % % % % %

Path to goal: 2

 % % % % % % % % % % % % % % % % % % % %
 % G                         G %   X   %
 %   % %   % %   % %   % % X % % X % X %
 %                           X X   % X %
 % % % % % % % % % % % % % % % % % % X %
 %             G X X X X X X X X X X   %
 % % % % % % % % % % % % % % % % % % % %
