Maze layout:

 % % % % % % % % % % % % % % % % % % % % % % % % % % % % % % % % % % % % % % % % % % % % | 
 %                                           S                                         % | 
 %   %   %   % % % % % % % % % % % % % %   % %   % % % % % % % % % % % % % %   %   %   % | 
 %   %   %                                 % %                                 %   %   % | 
 %   %   %   % % % % % % % % % % % % % % W % %   % % % % % % % % % % % % % %   %   % G % | 
 % % % % %                                                                     % % % % % | 
 %           % % % %     % % % %     % % % % % % % %     % % % %     % % % %           % | 
 % % % % %                                                                     % % % % % | 
 % G %   %   % % % % % % % % % % % % % % W % %   % % % % % % % % % % % % % %   %   %   % | 
 %   %   %                                 % %                                 %   %   % | 
 %   %   %   % % % % % % % % % % % % % %   % %   % % % % % % % % % % % % % %   %   %   % | 
 %         W                                                                           % | 
 % % % % % % % % % % % % % % % % % % % % % % % % % % % % % % % % % % % % % % % % % % % % | 
 - - - - - - - - - - - - - - - - - - - - - - - - - - - - - - - - - - - - - - - - - - - - -

Path to goal: 0

 % % % % % % % % % % % % % % % % % % % % % % % % % % % % % % % % % % % % % % % % % % % %
 %                                           S X X X X X X X X X X X X X X X X X X X X %
 %   %   %   % % % % % % % % % % % % % %   % %   % % % % % % % % % % % % % %   %   % X %
 %   %   %                                 % %                                 %   % X %
 %   %   %   % % % % % % % % % % % % % %   % %   % % % % % % % % % % % % % %   %   % G %
 % % % % %                                                                     % % % % %
 %           % % % %     % % % %     % % % % % % % %     % % % %     % % % %           %
 % % % % %                                                                     % % % % %
 % G %   %   % % % % % % % % % % % % % %   % %   % % % % % % % % % % % % % %   %   %   %
 %   %   %                                 % %                                 %   %   %
 %   %   %   % % % % % % % % % % % % % %   % %   % % % % % % % % % % % % % %   %   %   %
 %                                                                                     %
 % % % % % % % % % % % % % % % % % % % % % % % % % % % % % % % % % % % % % % % % % % % %

Path to goal: 1

 % % % % % % % % % % % % % % % % % % % % % % % % % % % % % % % % % % % % % % % % % % % %
 %                                                                           X X X X X %
 %   %   %   % % % % % % % % % % % % % %   % %   % % % % % % % % % % % % % % X %   % X %
 %   %   %                                 % %                               X %   % X %
 %   %   %   % % % % % % % % % % % % % %   % %   % % % % % % % % % % % % % % X %   % G %
 % % % % %                                             X X X X X X X X X X X X % % % % %
 %           % % % %     % % % %     % % % % % % % %   X % % % %     % % % %           %
 % % % % %                               X X X X X X X X                       % % % % %
 % G %   %   % % % % % % % % % % % % % % X % %   % % % % % % % % % % % % % %   %   %   %
 % X %   % X X X X X X X X X X X X X X X X % %                                 %   %   %
 % X %   % X % % % % % % % % % % % % % %   % %   % % % % % % % % % % % % % %   %   %   %
 % X X X X X                                                                           %
 % % % % % % % % % % % % % % % % % % % % % % % % % % % % % % % % % % % % % % % % % % % %
