Maze layout:

 % % % % % % % % % % % % % % % % % % % % % % % % % % % % % % % % % % % % % | 
 %               %                                                   %   % | 
 %                   % % % % %   %   % % %   % % %   % % % % % % %   %   % | 
 %               %               %   %           %           %   %       % | 
 % % % % %   % % % % %   % % %   %   %   %   % % %   % % % % %   %   % % % | 
 %       %   %   %   %       %   %   %   %       %   %           %       % | 
 %   % % %   %   %   %   % % %   % % % % %   % % %   %   % % %   % % %   % | 
 %     G         %           %       %       %           %   %   %       % | 
 % % %   % % % % % % % % % W % % % % % % %   % % %   % % %   %   %   %   % | 
 %                           %               %   %       %           %   % | 
 %   %   % % % % %   %   % % %   %   %   % % %   %   % % %   % % %   %   % | 
 %   %   %           %   %   %   %   %           %       %   %   %   %   % | 
 %   %   %   % % % % % % %   %   % % % % % % % % %   % % %   %   % % %   % | 
 %   %   %   %           %       %           %           %       %       % | 
 % % %   % % %   %   % % % % %   % % % % % W % % %   % % %   % % % % %   % | 
 %           %   %       G                       %   %       %   %   %   % | 
 %   %   %   %   %     %     % % %   % % %   % % %   %   %   %   %   %   % | 
 %   %   %   %   %   % %     %   %   %   %   %       %   %   %           % | 
 %   %   % % % % %     %     % % %   % % %   %   % % %   % % %   % % % % % | 
 %               %     %     %   %   %   %   %               %   %       % | 
 %   % % %   %   %     %     % % %   % % %   % % % % % % % % %   %   % % % | 
 %       %   %                                       %       %   %       % | 
 %   % % % W % % % % % % % % % % % % % % % % % % % % %   %   %   % % %   % | 
 %   %                                                   %               % | 
 %   %   %   % % % % %   % % %   %   %   %   %   % % % % % % % % % % % % % | 
 %   %   %       %           %   %   %   %               %       %   %   % | 
 %   %   % % %   % % %   %   %   %   % % % % % % % % %   % % %   %   %   % | 
 %   %       %   %       %   %   % S     %   %       %   %   %           % | 
 %   % % %   % % %   % % %   %   % % %   %   %   % % % % %   %   % % % % % | 
 %               %       %           %               %       %   %       % | 
 % % %   %   % % % % %   % % % % %   % % %   % % %   %   % % %   %   % % % | 
 %   %   %   %   %   %   %   %           %   %       %   %       %   %   % | 
 %   %   % % %   %   %   %   % W % % % % % % % % %   %   %   %   %   %   % | 
 %               %                                           %           % | 
 %   %       %   % % %   % % %   % % % % % % %   % % %   % % %   % % %   % | 
 % G %       %               %                       %           %     G % | 
 % % % % % % % % % % % % % % % % % % % % % % % % % % % % % % % % % % % % % | 
 - - - - - - - - - - - - - - - - - - - - - - - - - - - - - - - - - - - - - -

Path to goal: 0

 % % % % % % % % % % % % % % % % % % % % % % % % % % % % % % % % % % % % %
 %               %                                                   %   %
 %                   % % % % %   %   % % %   % % %   % % % % % % %   %   %
 %               %               %   %           %           %   %       %
 % % % % %   % % % % %   % % %   %   %   %   % % %   % % % % %   %   % % %
 %       %   %   %   %       %   %   %   %       %   %           %       %
 %   % % %   %   %   %   % % %   % % % % %   % % %   %   % % %   % % %   %
 %     G         %           %       %       %           %   %   %       %
 % % % X % % % % % % % % %   % % % % % % %   % % %   % % %   %   %   %   %
 %     X                     %               %   %       %           %   %
 %   % X % % % % %   %   % % %   %   %   % % %   %   % % %   % % %   %   %
 %   % X %           %   %   %   %   %           %       %   %   %   %   %
 %   % X %   % % % % % % %   %   % % % % % % % % %   % % %   %   % % %   %
 %   % X %   %           %       %           %           %       %       %
 % % % X % % %   %   % % % % %   % % % % %   % % %   % % %   % % % % %   %
 %     X     %   %       G                       %   %       %   %   %   %
 %   % X %   %   %     %     % % %   % % %   % % %   %   %   %   %   %   %
 %   % X %   %   %   % %     %   %   %   %   %       %   %   %           %
 %   % X % % % % %     %     % % %   % % %   %   % % %   % % %   % % % % %
 %       X       %     %     %   %   %   %   %               %   %       %
 %   % % % X %   %     %     % % %   % % %   % % % % % % % % %   %   % % %
 %       % X %                                       %       %   %       %
 %   % % % X % % % % % % % % % % % % % % % % % % % % %   %   %   % % %   %
 %   %       X X X X X X X X X X X                       %               %
 %   %   %   % % % % %   % % %   % X %   %   %   % % % % % % % % % % % % %
 %   %   %       %           %   % X %   %               %       %   %   %
 %   %   % % %   % % %   %   %   % X % % % % % % % % %   % % %   %   %   %
 %   %       %   %       %   %   % S     %   %       %   %   %           %
 %   % % %   % % %   % % %   %   % % %   %   %   % % % % %   %   % % % % %
 %               %       %           %               %       %   %       %
 % % %   %   % % % % %   % % % % %   % % %   % % %   %   % % %   %   % % %
 %   %   %   %   %   %   %   %           %   %       %   %       %   %   %
 %   %   % % %   %   %   %   %   % % % % % % % % %   %   %   %   %   %   %
 %               %                                           %           %
 %   %       %   % % %   % % %   % % % % % % %   % % %   % % %   % % %   %
 % G %       %               %                       %           %     G %
 % % % % % % % % % % % % % % % % % % % % % % % % % % % % % % % % % % % % %

Path to goal: 1

 % % % % % % % % % % % % % % % % % % % % % % % % % % % % % % % % % % % % %
 %               %                                                   %   %
 %                   % % % % %   %   % % %   % % %   % % % % % % %   %   %
 %               %               %   %           %           %   %       %
 % % % % %   % % % % %   % % %   %   %   %   % % %   % % % % %   %   % % %
 %       %   %   %   %       %   %   %   %       %   %           %       %
 %   % % %   %   %   %   % % %   % % % % %   % % %   %   % % %   % % %   %
 %     G         %           %       %       %           %   %   %       %
 % % % X % % % % % % % % %   % % % % % % %   % % %   % % %   %   %   %   %
 %     X                     %               %   %       %           %   %
 %   % X % % % % %   %   % % %   %   %   % % %   %   % % %   % % %   %   %
 %   % X %           %   %   %   %   %           %       %   %   %   %   %
 %   % X %   % % % % % % %   %   % % % % % % % % %   % % %   %   % % %   %
 %   % X %   %           %       %           %           %       %       %
 % % % X % % %   %   % % % % %   % % % % %   % % %   % % %   % % % % %   %
 %     X     %   %     X G                       %   %       %   %   %   %
 %   % X %   %   %   X %     % % %   % % %   % % %   %   %   %   %   %   %
 %   % X %   %   % X % %     %   %   %   %   %       %   %   %           %
 %   % X % % % % % X   %     % % %   % % %   %   % % %   % % %   % % % % %
 %       X X X   % X   %     %   %   %   %   %               %   %       %
 %   % % %   % X % X   %     % % %   % % %   % % % % % % % % %   %   % % %
 %       %   %   X                                   %       %   %       %
 %   % % %   % % % % % % % % % % % % % % % % % % % % %   %   %   % % %   %
 %   %                                                   %               %
 %   %   %   % % % % %   % % %   %   %   %   %   % % % % % % % % % % % % %
 %   %   %       %           %   %   %   %               %       %   %   %
 %   %   % % %   % % %   %   %   %   % % % % % % % % %   % % %   %   %   %
 %   %       %   %       %   %   %       %   %       %   %   %           %
 %   % % %   % % %   % % %   %   % % %   %   %   % % % % %   %   % % % % %
 %               %       %           %               %       %   %       %
 % % %   %   % % % % %   % % % % %   % % %   % % %   %   % % %   %   % % %
 %   %   %   %   %   %   %   %           %   %       %   %       %   %   %
 %   %   % % %   %   %   %   %   % % % % % % % % %   %   %   %   %   %   %
 %               %                                           %           %
 %   %       %   % % %   % % %   % % % % % % %   % % %   % % %   % % %   %
 % G %       %               %                       %           %     G %
 % % % % % % % % % % % % % % % % % % % % % % % % % % % % % % % % % % % % %

Path to goal: 2

 % % % % % % % % % % % % % % % % % % % % % % % % % % % % % % % % % % % % %
 %               %                                                   %   %
 %                   % % % % %   %   % % %   % % %   % % % % % % %   %   %
 %               %               %   %           %           %   %       %
 % % % % %   % % % % %   % % %   %   %   %   % % %   % % % % %   %   % % %
 %       %   %   %   %       %   %   %   %       %   %           %       %
 %   % % %   %   %   %   % % %   % % % % %   % % %   %   % % %   % % %   %
 %     G         %           %       %       %           %   %   %       %
 % % %   % % % % % % % % %   % % % % % % %   % % %   % % %   %   %   %   %
 %                           %               %   %       %           %   %
 %   %   % % % % %   %   % % %   %   %   % % %   %   % % %   % % %   %   %
 %   %   %           %   %   %   %   %           %       %   %   %   %   %
 %   %   %   % % % % % % %   %   % % % % % % % % %   % % %   %   % % %   %
 %   %   %   %           %       %           %           %       %       %
 % % %   % % %   %   % % % % %   % % % % %   % % %   % % %   % % % % %   %
 %           %   %     X G                       %   %       %   %   %   %
 %   %   %   %   %   X %     % % %   % % %   % % %   %   %   %   %   %   %
 %   %   %   %   % X % %     %   %   %   %   %       %   %   %           %
 %   %   % % % % % X   %     % % %   % % %   %   % % %   % % %   % % % % %
 %           X   % X   %     %   %   %   %   %               %   %       %
 %   % % % X % X % X   %     % % %   % % %   % % % % % % % % %   %   % % %
 %       % X %   X                                   %       %   %       %
 %   % % % X % % % % % % % % % % % % % % % % % % % % %   %   %   % % %   %
 %   %   X                                               %               %
 %   % X %   % % % % %   % % %   %   %   %   %   % % % % % % % % % % % % %
 %   % X %       %           %   %   %   %               %       %   %   %
 %   % X % % %   % % %   %   %   %   % % % % % % % % %   % % %   %   %   %
 %   %   X   %   %       %   %   %       %   %       %   %   %           %
 %   % % % X % % %   % % %   %   % % %   %   %   % % % % %   %   % % % % %
 %       X       %       %           %               %       %   %       %
 % % % X %   % % % % %   % % % % %   % % %   % % %   %   % % %   %   % % %
 %   % X %   %   %   %   %   %           %   %       %   %       %   %   %
 %   % X % % %   %   %   %   %   % % % % % % % % %   %   %   %   %   %   %
 %   X           %                                           %           %
 % X %       %   % % %   % % %   % % % % % % %   % % %   % % %   % % %   %
 % G %       %               %                       %           %     G %
 % % % % % % % % % % % % % % % % % % % % % % % % % % % % % % % % % % % % %

Path to goal: 3

 % % % % % % % % % % % % % % % % % % % % % % % % % % % % % % % % % % % % %
 %               %                                                   %   %
 %                   % % % % %   %   % % %   % % %   % % % % % % %   %   %
 %               %               %   %           %           %   %       %
 % % % % %   % % % % %   % % %   %   %   %   % % %   % % % % %   %   % % %
 %       %   %   %   %       %   %   %   %       %   %           %       %
 %   % % %   %   %   %   % % %   % % % % %   % % %   %   % % %   % % %   %
 %     G         %           %       %       %           %   %   %       %
 % % %   % % % % % % % % %   % % % % % % %   % % %   % % %   %   %   %   %
 %                           %               %   %       %           %   %
 %   %   % % % % %   %   % % %   %   %   % % %   %   % % %   % % %   %   %
 %   %   %           %   %   %   %   %           %       %   %   %   %   %
 %   %   %   % % % % % % %   %   % % % % % % % % %   % % %   %   % % %   %
 %   %   %   %           %       %           %           %       %       %
 % % %   % % %   %   % % % % %   % % % % %   % % %   % % %   % % % % %   %
 %           %   %       G                       %   %       %   %   %   %
 %   %   %   %   %     %     % % %   % % %   % % %   %   %   %   %   %   %
 %   %   %   %   %   % %     %   %   %   %   %       %   %   %           %
 %   %   % % % % %     %     % % %   % % %   %   % % %   % % %   % % % % %
 %               %     %     %   %   %   %   %               %   %       %
 %   % % %   %   %     %     % % %   % % %   % % % % % % % % %   %   % % %
 %       %   %                                       %       %   %       %
 %   % % %   % % % % % % % % % % % % % % % % % % % % %   %   %   % % %   %
 %   %                                                   %               %
 %   %   %   % % % % %   % % %   %   %   %   %   % % % % % % % % % % % % %
 %   %   %       %           %   %   %   %               %       %   %   %
 %   %   % % %   % % %   %   %   %   % % % % % % % % %   % % %   %   %   %
 %   %       %   %       %   %   %       %   %       %   %   %           %
 %   % % %   % % %   % % %   %   % % %   %   %   % % % % %   %   % % % % %
 %               %       %           %               %       %   %       %
 % % %   %   % % % % %   % % % % %   % % %   % % %   %   % % %   %   % % %
 %   %   %   %   %   %   %   %           %   %       %   %   X   %   %   %
 %   % X % % %   %   %   % X % X % % % % % % % % % X % X % X % X % X %   %
 %   X   X X X   %       X   X   X X X X X X X X X   X   X   %   X   X   %
 % X %       % X % % % X % % %   % % % % % % %   % % %   % % %   % % % X %
 % G %       %   X X X       %                       %           %     G %
 % % % % % % % % % % % % % % % % % % % % % % % % % % % % % % % % % % % % %
